 SEEN TYPE REASON OBJECT MESSAGE
 Normal SuccessfulCreate daemonset/static-local-static-provisioner Created pod: static-local-static-provisioner-2gvnc
 Normal Scheduled pod/static-local-static-provisioner-2gvnc Successfully assigned rclone/static-local-static-provisioner-2gvnc to fv-az251-156
 Normal Pulling pod/static-local-static-provisioner-2gvnc Pulling image "registry.k8s.io/sig-storage/local-volume-provisioner:v2.5.0"
 Normal SuccessfulCreate daemonset/csi-nodeplugin-rclone Created pod: csi-nodeplugin-rclone-4ms9x
 Normal Scheduled pod/csi-nodeplugin-rclone-4ms9x Successfully assigned rclone/csi-nodeplugin-rclone-4ms9x to fv-az251-156
 Normal SuccessfulCreate statefulset/csi-controller-rclone create Pod csi-controller-rclone-0 in StatefulSet csi-controller-rclone successful
 Normal Scheduled pod/csi-controller-rclone-0 Successfully assigned rclone/csi-controller-rclone-0 to fv-az251-156
 Normal Pulling pod/csi-nodeplugin-rclone-4ms9x Pulling image "k8s.gcr.io/sig-storage/csi-node-driver-registrar:v2.4.0"
 Normal Pulled pod/static-local-static-provisioner-2gvnc Successfully pulled image "registry.k8s.io/sig-storage/local-volume-provisioner:v2.5.0" in 3.001931055s (3.001943355s including waiting)
 Normal Pulling pod/csi-controller-rclone-0 Pulling image "k8s.gcr.io/sig-storage/csi-attacher:v3.4.0"
 Normal Created pod/static-local-static-provisioner-2gvnc Created container provisioner
 Normal Started pod/static-local-static-provisioner-2gvnc Started container provisioner
 Normal Pulled pod/csi-nodeplugin-rclone-4ms9x Successfully pulled image "k8s.gcr.io/sig-storage/csi-node-driver-registrar:v2.4.0" in 959.720193ms (959.728794ms including waiting)
 Normal Created pod/csi-nodeplugin-rclone-4ms9x Created container node-driver-registrar
 Normal Started pod/csi-nodeplugin-rclone-4ms9x Started container node-driver-registrar
 Normal Pulling pod/csi-nodeplugin-rclone-4ms9x Pulling image "wunderio/csi-rclone:v1.3.0"
 Normal Pulled pod/csi-controller-rclone-0 Successfully pulled image "k8s.gcr.io/sig-storage/csi-attacher:v3.4.0" in 1.140984394s (1.140992994s including waiting)
 Normal Created pod/csi-controller-rclone-0 Created container csi-attacher
 Normal Started pod/csi-controller-rclone-0 Started container csi-attacher
 Normal Pulling pod/csi-controller-rclone-0 Pulling image "wunderio/csi-rclone:v1.3.0"
 Normal Pulled pod/csi-nodeplugin-rclone-4ms9x Successfully pulled image "wunderio/csi-rclone:v1.3.0" in 2.23720434s (2.23721484s including waiting)
 Normal Pulled pod/csi-controller-rclone-0 Successfully pulled image "wunderio/csi-rclone:v1.3.0" in 1.776193497s (1.776211297s including waiting)
 Normal Created pod/csi-nodeplugin-rclone-4ms9x Created container rclone
 Normal Created pod/csi-controller-rclone-0 Created container rclone
 Normal Started pod/csi-controller-rclone-0 Started container rclone
 Normal Started pod/csi-nodeplugin-rclone-4ms9x Started container rclone
 Normal LeaderElection lease/external-attacher-leader-csi-rclone csi-controller-rclone-0 became leader
 Warning ProvisioningFailed persistentvolumeclaim/data-rclone no volume plugin matched name: kubernetes.io/no-provisioner
 Warning FailedScheduling pod/package-file 0/1 nodes are available: pod has unbound immediate PersistentVolumeClaims. preemption: 0/1 nodes are available: 1 No preemption victims found for incoming pod..
 Warning FailedScheduling pod/package-file 0/1 nodes are available: pod has unbound immediate PersistentVolumeClaims. preemption: 0/1 nodes are available: 1 No preemption victims found for incoming pod..
 Normal Scheduled pod/package-file Successfully assigned rclone/package-file to fv-az251-156
 Normal SuccessfulAttachVolume pod/package-file AttachVolume.Attach succeeded for volume "data-rclone"
 Normal Pulling pod/package-file Pulling image "ghcr.io/bioconductor/bioconductor:devel"
 Normal Pulled pod/package-file Successfully pulled image "ghcr.io/bioconductor/bioconductor:devel" in 58.426515154s (58.426524055s including waiting)
 Normal Created pod/package-file Created container copy-packages
 Normal Started pod/package-file Started container copy-packages
